<?xml version="1.0" encoding="UTF-8"?>
<!-- Generated by org.testng.reporters.JUnitReportReporter -->
<testsuite skipped="0" hostname="14e38c22fd36" name="com.searchmodule.tests.SearchTest" tests="4" failures="0" timestamp="04 Jul 2020 12:10:32 GMT" time="21.700" errors="0">
  <testcase name="search" time="5.291" classname="com.searchmodule.tests.SearchTest"/>
  <testcase name="search" time="5.086" classname="com.searchmodule.tests.SearchTest"/>
  <testcase name="search" time="5.452" classname="com.searchmodule.tests.SearchTest"/>
  <testcase name="search" time="5.871" classname="com.searchmodule.tests.SearchTest"/>
</testsuite> <!-- com.searchmodule.tests.SearchTest -->
