<?xml version="1.0" encoding="UTF-8"?>
<!-- Generated by org.testng.reporters.JUnitReportReporter -->
<testsuite skipped="0" hostname="29e742fbeb21" name="com.searchmodule.tests.SearchTest" tests="4" failures="0" timestamp="04 Jul 2020 12:00:56 GMT" time="26.202" errors="0">
  <testcase name="search" time="5.969" classname="com.searchmodule.tests.SearchTest"/>
  <testcase name="search" time="5.005" classname="com.searchmodule.tests.SearchTest"/>
  <testcase name="search" time="10.402" classname="com.searchmodule.tests.SearchTest"/>
  <testcase name="search" time="4.826" classname="com.searchmodule.tests.SearchTest"/>
</testsuite> <!-- com.searchmodule.tests.SearchTest -->
