<?xml version="1.0" encoding="UTF-8"?>
<!-- Generated by org.testng.reporters.JUnitReportReporter -->
<testsuite skipped="0" hostname="shanky" name="com.searchmodule.tests.SearchTest" tests="4" failures="0" timestamp="02 Jul 2020 17:09:43 GMT" time="12.609" errors="0">
  <testcase name="search" time="2.994" classname="com.searchmodule.tests.SearchTest"/>
  <testcase name="search" time="2.605" classname="com.searchmodule.tests.SearchTest"/>
  <testcase name="search" time="2.789" classname="com.searchmodule.tests.SearchTest"/>
  <testcase name="search" time="4.221" classname="com.searchmodule.tests.SearchTest"/>
</testsuite> <!-- com.searchmodule.tests.SearchTest -->
