<?xml version="1.0" encoding="UTF-8"?>
<!-- Generated by org.testng.reporters.JUnitReportReporter -->
<testsuite skipped="5" hostname="shanky" name="com.newtours.tests.BookFlightTest" tests="5" failures="0" timestamp="02 Jul 2020 06:22:03 GMT" time="0.000" errors="0">
  <testcase name="flightConfirmationPage" time="0.000" classname="com.newtours.tests.BookFlightTest">
    <skipped/>
  </testcase> <!-- flightConfirmationPage -->
  <testcase name="findFlightPage" time="0.000" classname="com.newtours.tests.BookFlightTest">
    <skipped/>
  </testcase> <!-- findFlightPage -->
  <testcase name="registrationConfirmationPage" time="0.000" classname="com.newtours.tests.BookFlightTest">
    <skipped/>
  </testcase> <!-- registrationConfirmationPage -->
  <testcase name="flightsDetailPage" time="0.000" classname="com.newtours.tests.BookFlightTest">
    <skipped/>
  </testcase> <!-- flightsDetailPage -->
  <testcase name="registrationPage" time="0.000" classname="com.newtours.tests.BookFlightTest">
    <skipped/>
  </testcase> <!-- registrationPage -->
</testsuite> <!-- com.newtours.tests.BookFlightTest -->
